<?xml version="1.0" encoding="UTF-8"?>
<testsuite xmlns:xsi="http://www.w3.org/2001/XMLSchema-instance" xsi:noNamespaceSchemaLocation="https://maven.apache.org/surefire/maven-surefire-plugin/xsd/surefire-test-report-3.0.xsd" version="3.0" name="framework.Runner" time="12.577" tests="21" errors="0" skipped="0" failures="0">
  <properties>
[...]
</properties>
  <testcase name="I navigate to Heroku website" classname="Login to Heroku app" time="1.354"/>
  <testcase name="I can click form authentication" classname="Login to Heroku app" time="0.477"/>
  <testcase name="I enter username and password" classname="Login to Heroku app" time="0.181"/>
  <testcase name="I can login" classname="Login to Heroku app" time="0.383"/>
  <testcase name="" classname="Login to Heroku app" time="0.391"/>
  <testcase name="I can hit the url with &quot;FY&quot; for class" classname="Fetch all students #1" time="0.045"/>
  <testcase name="I can verify the 200 for it" classname="Fetch all students #1" time="0.003"/>
  <testcase name="message contains &quot;India&quot; in record" classname="Fetch all students #1" time="0.744"/>
  <testcase name="" classname="Fetch all students #1" time="0.748"/>
  <testcase name="I can hit the url with &quot;SY&quot; for class" classname="Fetch all students #2" time="0.044"/>
  <testcase name="I can verify the 200 for it" classname="Fetch all students #2" time="0"/>
  <testcase name="message contains &quot;Belgium&quot; in record" classname="Fetch all students #2" time="0"/>
  <testcase name="" classname="Fetch all students #2" time="0"/>
  <testcase name="I can hit the url with &quot;TY&quot; for class" classname="Fetch all students #3" time="0.048"/>
  <testcase name="I can verify the 200 for it" classname="Fetch all students #3" time="0.001"/>
  <testcase name="message contains &quot;Qatar&quot; in record" classname="Fetch all students #3" time="0.036"/>
  <testcase name="" classname="Fetch all students #3" time="0.036"/>
  <testcase name="I can retrive record 201 of the student" classname="Fetch students by  id #1" time="0.046"/>
  <testcase name="" classname="Fetch students by  id #1" time="0.046"/>
  <testcase name="I can retrive record 205 of the student" classname="Fetch students by  id #2" time="0.038"/>
  <testcase name="" classname="Fetch students by  id #2" time="0.038"/>
</testsuite>